{"/Users/andreshapiro/Desktop/CSCI430/styleguide/App.js": {"path":"/Users/andreshapiro/Desktop/CSCI430/styleguide/App.js","statementMap":{"0":{"start":{"line":13,"column":12},"end":{"line":13,"column":38}},"1":{"start":{"line":15,"column":12},"end":{"line":52,"column":1}},"2":{"start":{"line":16,"column":2},"end":{"line":51,"column":3}},"3":{"start":{"line":19,"column":39},"end":{"line":41,"column":9}},"4":{"start":{"line":23,"column":12},"end":{"line":34,"column":13}},"5":{"start":{"line":24,"column":14},"end":{"line":25,"column":78}},"6":{"start":{"line":26,"column":19},"end":{"line":34,"column":13}},"7":{"start":{"line":27,"column":14},"end":{"line":27,"column":69}},"8":{"start":{"line":28,"column":19},"end":{"line":34,"column":13}},"9":{"start":{"line":29,"column":14},"end":{"line":29,"column":63}},"10":{"start":{"line":30,"column":19},"end":{"line":34,"column":13}},"11":{"start":{"line":31,"column":14},"end":{"line":31,"column":83}},"12":{"start":{"line":32,"column":19},"end":{"line":34,"column":13}},"13":{"start":{"line":33,"column":14},"end":{"line":33,"column":67}},"14":{"start":{"line":37,"column":12},"end":{"line":37,"column":74}}},"fnMap":{"0":{"name":"(anonymous_0)","decl":{"start":{"line":15,"column":12},"end":{"line":15,"column":13}},"loc":{"start":{"line":15,"column":18},"end":{"line":52,"column":1}},"line":15},"1":{"name":"(anonymous_1)","decl":{"start":{"line":19,"column":23},"end":{"line":19,"column":24}},"loc":{"start":{"line":19,"column":39},"end":{"line":41,"column":9}},"line":19},"2":{"name":"(anonymous_2)","decl":{"start":{"line":20,"column":22},"end":{"line":20,"column":23}},"loc":{"start":{"line":20,"column":52},"end":{"line":38,"column":11}},"line":20}},"branchMap":{"0":{"loc":{"start":{"line":23,"column":12},"end":{"line":34,"column":13}},"type":"if","locations":[{"start":{"line":23,"column":12},"end":{"line":34,"column":13}},{"start":{"line":26,"column":19},"end":{"line":34,"column":13}}],"line":23},"1":{"loc":{"start":{"line":24,"column":25},"end":{"line":25,"column":77}},"type":"cond-expr","locations":[{"start":{"line":25,"column":18},"end":{"line":25,"column":42}},{"start":{"line":25,"column":45},"end":{"line":25,"column":77}}],"line":24},"2":{"loc":{"start":{"line":26,"column":19},"end":{"line":34,"column":13}},"type":"if","locations":[{"start":{"line":26,"column":19},"end":{"line":34,"column":13}},{"start":{"line":28,"column":19},"end":{"line":34,"column":13}}],"line":26},"3":{"loc":{"start":{"line":27,"column":25},"end":{"line":27,"column":68}},"type":"cond-expr","locations":[{"start":{"line":27,"column":35},"end":{"line":27,"column":46}},{"start":{"line":27,"column":49},"end":{"line":27,"column":68}}],"line":27},"4":{"loc":{"start":{"line":28,"column":19},"end":{"line":34,"column":13}},"type":"if","locations":[{"start":{"line":28,"column":19},"end":{"line":34,"column":13}},{"start":{"line":30,"column":19},"end":{"line":34,"column":13}}],"line":28},"5":{"loc":{"start":{"line":29,"column":25},"end":{"line":29,"column":62}},"type":"cond-expr","locations":[{"start":{"line":29,"column":35},"end":{"line":29,"column":43}},{"start":{"line":29,"column":46},"end":{"line":29,"column":62}}],"line":29},"6":{"loc":{"start":{"line":30,"column":19},"end":{"line":34,"column":13}},"type":"if","locations":[{"start":{"line":30,"column":19},"end":{"line":34,"column":13}},{"start":{"line":32,"column":19},"end":{"line":34,"column":13}}],"line":30},"7":{"loc":{"start":{"line":31,"column":25},"end":{"line":31,"column":82}},"type":"cond-expr","locations":[{"start":{"line":31,"column":35},"end":{"line":31,"column":53}},{"start":{"line":31,"column":56},"end":{"line":31,"column":82}}],"line":31},"8":{"loc":{"start":{"line":32,"column":19},"end":{"line":34,"column":13}},"type":"if","locations":[{"start":{"line":32,"column":19},"end":{"line":34,"column":13}},{"start":{},"end":{}}],"line":32},"9":{"loc":{"start":{"line":33,"column":25},"end":{"line":33,"column":66}},"type":"cond-expr","locations":[{"start":{"line":33,"column":35},"end":{"line":33,"column":45}},{"start":{"line":33,"column":48},"end":{"line":33,"column":66}}],"line":33}},"s":{"0":0,"1":0,"2":0,"3":0,"4":0,"5":0,"6":0,"7":0,"8":0,"9":0,"10":0,"11":0,"12":0,"13":0,"14":0},"f":{"0":0,"1":0,"2":0},"b":{"0":[0,0],"1":[0,0],"2":[0,0],"3":[0,0],"4":[0,0],"5":[0,0],"6":[0,0],"7":[0,0],"8":[0,0],"9":[0,0]}}
,"/Users/andreshapiro/Desktop/CSCI430/styleguide/index.js": {"path":"/Users/andreshapiro/Desktop/CSCI430/styleguide/index.js","statementMap":{"0":{"start":{"line":8,"column":0},"end":{"line":8,"column":27}}},"fnMap":{},"branchMap":{},"s":{"0":0},"f":{},"b":{}}
,"/Users/andreshapiro/Desktop/CSCI430/styleguide/metro.config.js": {"path":"/Users/andreshapiro/Desktop/CSCI430/styleguide/metro.config.js","statementMap":{"0":{"start":{"line":2,"column":29},"end":{"line":2,"column":57}},"1":{"start":{"line":4,"column":0},"end":{"line":4,"column":45}}},"fnMap":{},"branchMap":{},"s":{"0":0,"1":0},"f":{},"b":{}}
,"/Users/andreshapiro/Desktop/CSCI430/styleguide/components/ColorPickerView.js": {"path":"/Users/andreshapiro/Desktop/CSCI430/styleguide/components/ColorPickerView.js","statementMap":{"0":{"start":{"line":7,"column":34},"end":{"line":7,"column":58}},"1":{"start":{"line":13,"column":2},"end":{"line":27,"column":3}},"2":{"start":{"line":19,"column":34},"end":{"line":19,"column":52}},"3":{"start":{"line":21,"column":34},"end":{"line":23,"column":10}}},"fnMap":{"0":{"name":"ColorPickerView","decl":{"start":{"line":6,"column":24},"end":{"line":6,"column":39}},"loc":{"start":{"line":6,"column":56},"end":{"line":28,"column":1}},"line":6},"1":{"name":"(anonymous_1)","decl":{"start":{"line":19,"column":23},"end":{"line":19,"column":24}},"loc":{"start":{"line":19,"column":34},"end":{"line":19,"column":52}},"line":19},"2":{"name":"(anonymous_2)","decl":{"start":{"line":21,"column":25},"end":{"line":21,"column":26}},"loc":{"start":{"line":21,"column":34},"end":{"line":23,"column":10}},"line":21}},"branchMap":{},"s":{"0":1,"1":1,"2":0,"3":0},"f":{"0":1,"1":0,"2":0},"b":{},"_coverageSchema":"1a1c01bbd47fc00a2c39e90264f33305004495a9","hash":"cdcb42d17dc36718558f70ccb77d071c52bde758"}
,"/Users/andreshapiro/Desktop/CSCI430/styleguide/components/ItemsCarousel.js": {"path":"/Users/andreshapiro/Desktop/CSCI430/styleguide/components/ItemsCarousel.js","statementMap":{"0":{"start":{"line":10,"column":22},"end":{"line":29,"column":1}},"1":{"start":{"line":11,"column":2},"end":{"line":11,"column":26}},"2":{"start":{"line":12,"column":46},"end":{"line":12,"column":63}},"3":{"start":{"line":13,"column":20},"end":{"line":13,"column":41}},"4":{"start":{"line":14,"column":21},"end":{"line":14,"column":36}},"5":{"start":{"line":15,"column":2},"end":{"line":28,"column":4}},"6":{"start":{"line":24,"column":31},"end":{"line":24,"column":55}},"7":{"start":{"line":31,"column":19},"end":{"line":49,"column":1}},"8":{"start":{"line":32,"column":2},"end":{"line":48,"column":4}},"9":{"start":{"line":33,"column":37},"end":{"line":33,"column":71}},"10":{"start":{"line":53,"column":15},"end":{"line":101,"column":2}}},"fnMap":{"0":{"name":"(anonymous_0)","decl":{"start":{"line":10,"column":22},"end":{"line":10,"column":23}},"loc":{"start":{"line":10,"column":38},"end":{"line":29,"column":1}},"line":10},"1":{"name":"(anonymous_1)","decl":{"start":{"line":24,"column":22},"end":{"line":24,"column":23}},"loc":{"start":{"line":24,"column":31},"end":{"line":24,"column":55}},"line":24},"2":{"name":"(anonymous_2)","decl":{"start":{"line":31,"column":19},"end":{"line":31,"column":20}},"loc":{"start":{"line":31,"column":40},"end":{"line":49,"column":1}},"line":31},"3":{"name":"(anonymous_3)","decl":{"start":{"line":33,"column":31},"end":{"line":33,"column":32}},"loc":{"start":{"line":33,"column":37},"end":{"line":33,"column":71}},"line":33}},"branchMap":{"0":{"loc":{"start":{"line":39,"column":30},"end":{"line":39,"column":70}},"type":"cond-expr","locations":[{"start":{"line":39,"column":45},"end":{"line":39,"column":52}},{"start":{"line":39,"column":55},"end":{"line":39,"column":70}}],"line":39}},"s":{"0":0,"1":0,"2":0,"3":0,"4":0,"5":0,"6":0,"7":0,"8":0,"9":0,"10":0},"f":{"0":0,"1":0,"2":0,"3":0},"b":{"0":[0,0]}}
,"/Users/andreshapiro/Desktop/CSCI430/styleguide/components/PaletteView.js": {"path":"/Users/andreshapiro/Desktop/CSCI430/styleguide/components/PaletteView.js","statementMap":{"0":{"start":{"line":17,"column":38},"end":{"line":17,"column":52}},"1":{"start":{"line":18,"column":22},"end":{"line":18,"column":48}},"2":{"start":{"line":19,"column":2},"end":{"line":19,"column":20}},"3":{"start":{"line":20,"column":2},"end":{"line":24,"column":4}},"4":{"start":{"line":27,"column":15},"end":{"line":42,"column":2}}},"fnMap":{"0":{"name":"RecommendationView","decl":{"start":{"line":16,"column":24},"end":{"line":16,"column":42}},"loc":{"start":{"line":16,"column":54},"end":{"line":25,"column":1}},"line":16}},"branchMap":{"0":{"loc":{"start":{"line":30,"column":15},"end":{"line":30,"column":43}},"type":"binary-expr","locations":[{"start":{"line":30,"column":15},"end":{"line":30,"column":38}},{"start":{"line":30,"column":42},"end":{"line":30,"column":43}}],"line":30}},"s":{"0":0,"1":0,"2":0,"3":0,"4":0},"f":{"0":0},"b":{"0":[0,0]}}
,"/Users/andreshapiro/Desktop/CSCI430/styleguide/components/PopularPaletteView.js": {"path":"/Users/andreshapiro/Desktop/CSCI430/styleguide/components/PopularPaletteView.js","statementMap":{"0":{"start":{"line":12,"column":38},"end":{"line":12,"column":52}},"1":{"start":{"line":13,"column":2},"end":{"line":13,"column":21}},"2":{"start":{"line":14,"column":19},"end":{"line":14,"column":53}},"3":{"start":{"line":15,"column":2},"end":{"line":15,"column":26}},"4":{"start":{"line":16,"column":2},"end":{"line":20,"column":4}},"5":{"start":{"line":23,"column":15},"end":{"line":38,"column":2}}},"fnMap":{"0":{"name":"PopularPaletteView","decl":{"start":{"line":11,"column":24},"end":{"line":11,"column":42}},"loc":{"start":{"line":11,"column":54},"end":{"line":21,"column":1}},"line":11}},"branchMap":{"0":{"loc":{"start":{"line":26,"column":15},"end":{"line":26,"column":43}},"type":"binary-expr","locations":[{"start":{"line":26,"column":15},"end":{"line":26,"column":38}},{"start":{"line":26,"column":42},"end":{"line":26,"column":43}}],"line":26}},"s":{"0":0,"1":0,"2":0,"3":0,"4":0,"5":0},"f":{"0":0},"b":{"0":[0,0]}}
,"/Users/andreshapiro/Desktop/CSCI430/styleguide/components/SelectionView.js": {"path":"/Users/andreshapiro/Desktop/CSCI430/styleguide/components/SelectionView.js","statementMap":{"0":{"start":{"line":6,"column":2},"end":{"line":11,"column":3}},"1":{"start":{"line":7,"column":4},"end":{"line":7,"column":98}},"2":{"start":{"line":10,"column":4},"end":{"line":10,"column":93}},"3":{"start":{"line":15,"column":2},"end":{"line":24,"column":4}},"4":{"start":{"line":16,"column":44},"end":{"line":16,"column":62}},"5":{"start":{"line":28,"column":15},"end":{"line":45,"column":2}}},"fnMap":{"0":{"name":"handlePress","decl":{"start":{"line":4,"column":9},"end":{"line":4,"column":20}},"loc":{"start":{"line":4,"column":26},"end":{"line":12,"column":1}},"line":4},"1":{"name":"TouchSelect","decl":{"start":{"line":14,"column":24},"end":{"line":14,"column":35}},"loc":{"start":{"line":14,"column":38},"end":{"line":25,"column":1}},"line":14},"2":{"name":"(anonymous_2)","decl":{"start":{"line":16,"column":31},"end":{"line":16,"column":32}},"loc":{"start":{"line":16,"column":42},"end":{"line":16,"column":64}},"line":16}},"branchMap":{"0":{"loc":{"start":{"line":6,"column":2},"end":{"line":11,"column":3}},"type":"if","locations":[{"start":{"line":6,"column":2},"end":{"line":11,"column":3}},{"start":{"line":8,"column":9},"end":{"line":11,"column":3}}],"line":6}},"s":{"0":0,"1":0,"2":0,"3":0,"4":0,"5":0},"f":{"0":0,"1":0,"2":0},"b":{"0":[0,0]}}
,"/Users/andreshapiro/Desktop/CSCI430/styleguide/components/cameraView.js": {"path":"/Users/andreshapiro/Desktop/CSCI430/styleguide/components/cameraView.js","statementMap":{"0":{"start":{"line":19,"column":50},"end":{"line":19,"column":64}},"1":{"start":{"line":20,"column":52},"end":{"line":20,"column":66}},"2":{"start":{"line":22,"column":30},"end":{"line":22,"column":44}},"3":{"start":{"line":23,"column":34},"end":{"line":23,"column":48}},"4":{"start":{"line":24,"column":46},"end":{"line":24,"column":60}},"5":{"start":{"line":25,"column":44},"end":{"line":25,"column":58}},"6":{"start":{"line":26,"column":26},"end":{"line":26,"column":62}},"7":{"start":{"line":27,"column":45},"end":{"line":27,"column":59}},"8":{"start":{"line":29,"column":25},"end":{"line":46,"column":3}},"9":{"start":{"line":31,"column":29},"end":{"line":31,"column":73}},"10":{"start":{"line":33,"column":4},"end":{"line":33,"column":63}},"11":{"start":{"line":35,"column":28},"end":{"line":35,"column":79}},"12":{"start":{"line":36,"column":4},"end":{"line":36,"column":40}},"13":{"start":{"line":38,"column":4},"end":{"line":38,"column":63}},"14":{"start":{"line":40,"column":4},"end":{"line":45,"column":5}},"15":{"start":{"line":44,"column":6},"end":{"line":44,"column":51}},"16":{"start":{"line":48,"column":2},"end":{"line":50,"column":9}},"17":{"start":{"line":49,"column":4},"end":{"line":49,"column":21}},"18":{"start":{"line":52,"column":22},"end":{"line":60,"column":3}},"19":{"start":{"line":53,"column":4},"end":{"line":59,"column":5}},"20":{"start":{"line":54,"column":19},"end":{"line":54,"column":54}},"21":{"start":{"line":55,"column":6},"end":{"line":55,"column":28}},"22":{"start":{"line":56,"column":6},"end":{"line":56,"column":28}},"23":{"start":{"line":57,"column":6},"end":{"line":57,"column":37}},"24":{"start":{"line":58,"column":6},"end":{"line":58,"column":35}},"25":{"start":{"line":62,"column":20},"end":{"line":76,"column":3}},"26":{"start":{"line":63,"column":17},"end":{"line":68,"column":6}},"27":{"start":{"line":70,"column":4},"end":{"line":70,"column":24}},"28":{"start":{"line":71,"column":4},"end":{"line":75,"column":5}},"29":{"start":{"line":72,"column":6},"end":{"line":72,"column":30}},"30":{"start":{"line":73,"column":6},"end":{"line":73,"column":39}},"31":{"start":{"line":74,"column":6},"end":{"line":74,"column":37}},"32":{"start":{"line":78,"column":29},"end":{"line":83,"column":3}},"33":{"start":{"line":79,"column":4},"end":{"line":81,"column":5}},"34":{"start":{"line":80,"column":6},"end":{"line":80,"column":28}},"35":{"start":{"line":82,"column":4},"end":{"line":82,"column":21}},"36":{"start":{"line":86,"column":25},"end":{"line":148,"column":3}},"37":{"start":{"line":87,"column":4},"end":{"line":87,"column":51}},"38":{"start":{"line":88,"column":4},"end":{"line":88,"column":51}},"39":{"start":{"line":89,"column":14},"end":{"line":89,"column":16}},"40":{"start":{"line":95,"column":4},"end":{"line":95,"column":53}},"41":{"start":{"line":96,"column":4},"end":{"line":96,"column":51}},"42":{"start":{"line":98,"column":22},"end":{"line":98,"column":42}},"43":{"start":{"line":99,"column":21},"end":{"line":99,"column":40}},"44":{"start":{"line":100,"column":4},"end":{"line":100,"column":47}},"45":{"start":{"line":101,"column":4},"end":{"line":101,"column":45}},"46":{"start":{"line":103,"column":12},"end":{"line":103,"column":50}},"47":{"start":{"line":104,"column":12},"end":{"line":104,"column":51}},"48":{"start":{"line":107,"column":10},"end":{"line":107,"column":11}},"49":{"start":{"line":107,"column":15},"end":{"line":107,"column":16}},"50":{"start":{"line":107,"column":20},"end":{"line":107,"column":21}},"51":{"start":{"line":109,"column":4},"end":{"line":113,"column":7}},"52":{"start":{"line":110,"column":6},"end":{"line":110,"column":31}},"53":{"start":{"line":112,"column":6},"end":{"line":112,"column":23}},"54":{"start":{"line":115,"column":4},"end":{"line":143,"column":5}},"55":{"start":{"line":115,"column":17},"end":{"line":115,"column":22}},"56":{"start":{"line":116,"column":6},"end":{"line":142,"column":7}},"57":{"start":{"line":116,"column":19},"end":{"line":116,"column":24}},"58":{"start":{"line":118,"column":8},"end":{"line":141,"column":11}},"59":{"start":{"line":119,"column":10},"end":{"line":119,"column":50}},"60":{"start":{"line":120,"column":10},"end":{"line":120,"column":50}},"61":{"start":{"line":121,"column":10},"end":{"line":121,"column":50}},"62":{"start":{"line":124,"column":10},"end":{"line":138,"column":11}},"63":{"start":{"line":126,"column":12},"end":{"line":126,"column":34}},"64":{"start":{"line":127,"column":12},"end":{"line":127,"column":34}},"65":{"start":{"line":128,"column":12},"end":{"line":128,"column":34}},"66":{"start":{"line":129,"column":12},"end":{"line":129,"column":61}},"67":{"start":{"line":131,"column":12},"end":{"line":131,"column":85}},"68":{"start":{"line":132,"column":12},"end":{"line":132,"column":39}},"69":{"start":{"line":133,"column":12},"end":{"line":133,"column":34}},"70":{"start":{"line":134,"column":12},"end":{"line":134,"column":61}},"71":{"start":{"line":140,"column":10},"end":{"line":140,"column":27}},"72":{"start":{"line":153,"column":2},"end":{"line":180,"column":4}},"73":{"start":{"line":157,"column":24},"end":{"line":157,"column":38}},"74":{"start":{"line":173,"column":50},"end":{"line":174,"column":55}},"75":{"start":{"line":183,"column":15},"end":{"line":213,"column":2}}},"fnMap":{"0":{"name":"CameraView","decl":{"start":{"line":18,"column":24},"end":{"line":18,"column":34}},"loc":{"start":{"line":18,"column":51},"end":{"line":181,"column":1}},"line":18},"1":{"name":"(anonymous_1)","decl":{"start":{"line":29,"column":25},"end":{"line":29,"column":26}},"loc":{"start":{"line":29,"column":37},"end":{"line":46,"column":3}},"line":29},"2":{"name":"(anonymous_2)","decl":{"start":{"line":48,"column":12},"end":{"line":48,"column":13}},"loc":{"start":{"line":48,"column":18},"end":{"line":50,"column":3}},"line":48},"3":{"name":"(anonymous_3)","decl":{"start":{"line":52,"column":22},"end":{"line":52,"column":23}},"loc":{"start":{"line":52,"column":34},"end":{"line":60,"column":3}},"line":52},"4":{"name":"(anonymous_4)","decl":{"start":{"line":62,"column":20},"end":{"line":62,"column":21}},"loc":{"start":{"line":62,"column":32},"end":{"line":76,"column":3}},"line":62},"5":{"name":"(anonymous_5)","decl":{"start":{"line":78,"column":29},"end":{"line":78,"column":30}},"loc":{"start":{"line":78,"column":35},"end":{"line":83,"column":3}},"line":78},"6":{"name":"(anonymous_6)","decl":{"start":{"line":86,"column":25},"end":{"line":86,"column":26}},"loc":{"start":{"line":86,"column":34},"end":{"line":148,"column":3}},"line":86},"7":{"name":"(anonymous_7)","decl":{"start":{"line":109,"column":42},"end":{"line":109,"column":43}},"loc":{"start":{"line":109,"column":48},"end":{"line":111,"column":5}},"line":109},"8":{"name":"(anonymous_8)","decl":{"start":{"line":111,"column":13},"end":{"line":111,"column":14}},"loc":{"start":{"line":111,"column":22},"end":{"line":113,"column":5}},"line":111},"9":{"name":"(anonymous_9)","decl":{"start":{"line":118,"column":45},"end":{"line":118,"column":46}},"loc":{"start":{"line":118,"column":56},"end":{"line":139,"column":9}},"line":118},"10":{"name":"(anonymous_10)","decl":{"start":{"line":139,"column":17},"end":{"line":139,"column":18}},"loc":{"start":{"line":139,"column":26},"end":{"line":141,"column":9}},"line":139},"11":{"name":"(anonymous_11)","decl":{"start":{"line":157,"column":15},"end":{"line":157,"column":16}},"loc":{"start":{"line":157,"column":24},"end":{"line":157,"column":38}},"line":157},"12":{"name":"(anonymous_12)","decl":{"start":{"line":173,"column":44},"end":{"line":173,"column":45}},"loc":{"start":{"line":173,"column":50},"end":{"line":174,"column":55}},"line":173}},"branchMap":{"0":{"loc":{"start":{"line":40,"column":4},"end":{"line":45,"column":5}},"type":"if","locations":[{"start":{"line":40,"column":4},"end":{"line":45,"column":5}},{"start":{},"end":{}}],"line":40},"1":{"loc":{"start":{"line":41,"column":6},"end":{"line":42,"column":43}},"type":"binary-expr","locations":[{"start":{"line":41,"column":6},"end":{"line":41,"column":42}},{"start":{"line":42,"column":6},"end":{"line":42,"column":43}}],"line":41},"2":{"loc":{"start":{"line":53,"column":4},"end":{"line":59,"column":5}},"type":"if","locations":[{"start":{"line":53,"column":4},"end":{"line":59,"column":5}},{"start":{},"end":{}}],"line":53},"3":{"loc":{"start":{"line":71,"column":4},"end":{"line":75,"column":5}},"type":"if","locations":[{"start":{"line":71,"column":4},"end":{"line":75,"column":5}},{"start":{},"end":{}}],"line":71},"4":{"loc":{"start":{"line":79,"column":4},"end":{"line":81,"column":5}},"type":"if","locations":[{"start":{"line":79,"column":4},"end":{"line":81,"column":5}},{"start":{},"end":{}}],"line":79},"5":{"loc":{"start":{"line":124,"column":10},"end":{"line":138,"column":11}},"type":"if","locations":[{"start":{"line":124,"column":10},"end":{"line":138,"column":11}},{"start":{},"end":{}}],"line":124},"6":{"loc":{"start":{"line":124,"column":14},"end":{"line":124,"column":30}},"type":"binary-expr","locations":[{"start":{"line":124,"column":14},"end":{"line":124,"column":20}},{"start":{"line":124,"column":24},"end":{"line":124,"column":30}}],"line":124},"7":{"loc":{"start":{"line":167,"column":7},"end":{"line":170,"column":35}},"type":"binary-expr","locations":[{"start":{"line":167,"column":7},"end":{"line":167,"column":15}},{"start":{"line":168,"column":8},"end":{"line":170,"column":35}}],"line":167}},"s":{"0":0,"1":0,"2":0,"3":0,"4":0,"5":0,"6":0,"7":0,"8":0,"9":0,"10":0,"11":0,"12":0,"13":0,"14":0,"15":0,"16":0,"17":0,"18":0,"19":0,"20":0,"21":0,"22":0,"23":0,"24":0,"25":0,"26":0,"27":0,"28":0,"29":0,"30":0,"31":0,"32":0,"33":0,"34":0,"35":0,"36":0,"37":0,"38":0,"39":0,"40":0,"41":0,"42":0,"43":0,"44":0,"45":0,"46":0,"47":0,"48":0,"49":0,"50":0,"51":0,"52":0,"53":0,"54":0,"55":0,"56":0,"57":0,"58":0,"59":0,"60":0,"61":0,"62":0,"63":0,"64":0,"65":0,"66":0,"67":0,"68":0,"69":0,"70":0,"71":0,"72":0,"73":0,"74":0,"75":0},"f":{"0":0,"1":0,"2":0,"3":0,"4":0,"5":0,"6":0,"7":0,"8":0,"9":0,"10":0,"11":0,"12":0},"b":{"0":[0,0],"1":[0,0],"2":[0,0],"3":[0,0],"4":[0,0],"5":[0,0],"6":[0,0],"7":[0,0]}}
,"/Users/andreshapiro/Desktop/CSCI430/styleguide/components/mainView.js": {"path":"/Users/andreshapiro/Desktop/CSCI430/styleguide/components/mainView.js","statementMap":{"0":{"start":{"line":16,"column":2},"end":{"line":21,"column":3}},"1":{"start":{"line":24,"column":15},"end":{"line":44,"column":2}}},"fnMap":{"0":{"name":"MainView","decl":{"start":{"line":14,"column":24},"end":{"line":14,"column":32}},"loc":{"start":{"line":14,"column":49},"end":{"line":22,"column":1}},"line":14}},"branchMap":{},"s":{"0":1,"1":1},"f":{"0":1},"b":{},"_coverageSchema":"1a1c01bbd47fc00a2c39e90264f33305004495a9","hash":"1225b4547c12569a56a9e9aea75fa93e8ce7c6f7"}
,"/Users/andreshapiro/Desktop/CSCI430/styleguide/components/recommendationView.js": {"path":"/Users/andreshapiro/Desktop/CSCI430/styleguide/components/recommendationView.js","statementMap":{"0":{"start":{"line":14,"column":13},"end":{"line":18,"column":1}},"1":{"start":{"line":15,"column":2},"end":{"line":17,"column":21}},"2":{"start":{"line":21,"column":2},"end":{"line":28,"column":3}},"3":{"start":{"line":22,"column":4},"end":{"line":22,"column":37}},"4":{"start":{"line":23,"column":4},"end":{"line":27,"column":6}},"5":{"start":{"line":29,"column":38},"end":{"line":29,"column":52}},"6":{"start":{"line":30,"column":22},"end":{"line":30,"column":48}},"7":{"start":{"line":31,"column":2},"end":{"line":31,"column":20}},"8":{"start":{"line":33,"column":21},"end":{"line":54,"column":3}},"9":{"start":{"line":34,"column":14},"end":{"line":34,"column":69}},"10":{"start":{"line":35,"column":20},"end":{"line":35,"column":29}},"11":{"start":{"line":36,"column":18},"end":{"line":36,"column":25}},"12":{"start":{"line":37,"column":22},"end":{"line":37,"column":46}},"13":{"start":{"line":38,"column":4},"end":{"line":53,"column":6}},"14":{"start":{"line":55,"column":16},"end":{"line":55,"column":49}},"15":{"start":{"line":56,"column":2},"end":{"line":56,"column":151}},"16":{"start":{"line":57,"column":2},"end":{"line":57,"column":19}},"17":{"start":{"line":58,"column":2},"end":{"line":67,"column":4}},"18":{"start":{"line":63,"column":32},"end":{"line":63,"column":39}},"19":{"start":{"line":70,"column":15},"end":{"line":94,"column":2}}},"fnMap":{"0":{"name":"(anonymous_0)","decl":{"start":{"line":14,"column":13},"end":{"line":14,"column":14}},"loc":{"start":{"line":15,"column":2},"end":{"line":17,"column":21}},"line":15},"1":{"name":"RecommendationView","decl":{"start":{"line":20,"column":24},"end":{"line":20,"column":42}},"loc":{"start":{"line":20,"column":54},"end":{"line":68,"column":1}},"line":20},"2":{"name":"(anonymous_2)","decl":{"start":{"line":33,"column":21},"end":{"line":33,"column":22}},"loc":{"start":{"line":33,"column":35},"end":{"line":54,"column":3}},"line":33},"3":{"name":"(anonymous_3)","decl":{"start":{"line":63,"column":22},"end":{"line":63,"column":23}},"loc":{"start":{"line":63,"column":32},"end":{"line":63,"column":39}},"line":63}},"branchMap":{"0":{"loc":{"start":{"line":21,"column":2},"end":{"line":28,"column":3}},"type":"if","locations":[{"start":{"line":21,"column":2},"end":{"line":28,"column":3}},{"start":{},"end":{}}],"line":21},"1":{"loc":{"start":{"line":73,"column":15},"end":{"line":73,"column":43}},"type":"binary-expr","locations":[{"start":{"line":73,"column":15},"end":{"line":73,"column":38}},{"start":{"line":73,"column":42},"end":{"line":73,"column":43}}],"line":73}},"s":{"0":1,"1":0,"2":0,"3":0,"4":0,"5":0,"6":0,"7":0,"8":0,"9":0,"10":0,"11":0,"12":0,"13":0,"14":0,"15":0,"16":0,"17":0,"18":0,"19":1},"f":{"0":0,"1":0,"2":0,"3":0},"b":{"0":[0,0],"1":[1,1]},"_coverageSchema":"1a1c01bbd47fc00a2c39e90264f33305004495a9","hash":"9e6530345b96e1392a21985687c9b1894f3244cc"}
,"/Users/andreshapiro/Desktop/CSCI430/styleguide/config/appcolors.js": {"path":"/Users/andreshapiro/Desktop/CSCI430/styleguide/config/appcolors.js","statementMap":{},"fnMap":{},"branchMap":{},"s":{},"f":{},"b":{}}
,"/Users/andreshapiro/Desktop/CSCI430/styleguide/config/categories.js": {"path":"/Users/andreshapiro/Desktop/CSCI430/styleguide/config/categories.js","statementMap":{"0":{"start":{"line":2,"column":26},"end":{"line":31,"column":1}}},"fnMap":{},"branchMap":{},"s":{"0":0},"f":{},"b":{}}
,"/Users/andreshapiro/Desktop/CSCI430/styleguide/config/palettes.js": {"path":"/Users/andreshapiro/Desktop/CSCI430/styleguide/config/palettes.js","statementMap":{},"fnMap":{},"branchMap":{},"s":{},"f":{},"b":{}}
,"/Users/andreshapiro/Desktop/CSCI430/styleguide/utils/colorHelpers.js": {"path":"/Users/andreshapiro/Desktop/CSCI430/styleguide/utils/colorHelpers.js","statementMap":{"0":{"start":{"line":24,"column":2},"end":{"line":24,"column":31}},"1":{"start":{"line":30,"column":2},"end":{"line":30,"column":26}},"2":{"start":{"line":31,"column":2},"end":{"line":31,"column":13}},"3":{"start":{"line":32,"column":2},"end":{"line":32,"column":13}},"4":{"start":{"line":33,"column":2},"end":{"line":33,"column":13}},"5":{"start":{"line":34,"column":2},"end":{"line":34,"column":31}},"6":{"start":{"line":41,"column":2},"end":{"line":41,"column":17}},"7":{"start":{"line":42,"column":2},"end":{"line":42,"column":17}},"8":{"start":{"line":43,"column":2},"end":{"line":43,"column":17}},"9":{"start":{"line":44,"column":10},"end":{"line":44,"column":15}},"10":{"start":{"line":45,"column":12},"end":{"line":45,"column":18}},"11":{"start":{"line":46,"column":10},"end":{"line":46,"column":43}},"12":{"start":{"line":50,"column":2},"end":{"line":54,"column":3}},"13":{"start":{"line":51,"column":4},"end":{"line":51,"column":10}},"14":{"start":{"line":52,"column":4},"end":{"line":52,"column":10}},"15":{"start":{"line":53,"column":4},"end":{"line":53,"column":10}},"16":{"start":{"line":55,"column":2},"end":{"line":59,"column":3}},"17":{"start":{"line":56,"column":4},"end":{"line":56,"column":10}},"18":{"start":{"line":57,"column":4},"end":{"line":57,"column":10}},"19":{"start":{"line":58,"column":4},"end":{"line":58,"column":10}},"20":{"start":{"line":60,"column":2},"end":{"line":64,"column":3}},"21":{"start":{"line":61,"column":4},"end":{"line":61,"column":10}},"22":{"start":{"line":62,"column":4},"end":{"line":62,"column":10}},"23":{"start":{"line":63,"column":4},"end":{"line":63,"column":10}},"24":{"start":{"line":65,"column":2},"end":{"line":69,"column":3}},"25":{"start":{"line":66,"column":4},"end":{"line":66,"column":10}},"26":{"start":{"line":67,"column":4},"end":{"line":67,"column":10}},"27":{"start":{"line":68,"column":4},"end":{"line":68,"column":10}},"28":{"start":{"line":70,"column":2},"end":{"line":74,"column":3}},"29":{"start":{"line":71,"column":4},"end":{"line":71,"column":10}},"30":{"start":{"line":72,"column":4},"end":{"line":72,"column":10}},"31":{"start":{"line":73,"column":4},"end":{"line":73,"column":10}},"32":{"start":{"line":75,"column":2},"end":{"line":79,"column":3}},"33":{"start":{"line":76,"column":4},"end":{"line":76,"column":10}},"34":{"start":{"line":77,"column":4},"end":{"line":77,"column":10}},"35":{"start":{"line":78,"column":4},"end":{"line":78,"column":10}},"36":{"start":{"line":81,"column":10},"end":{"line":81,"column":15}},"37":{"start":{"line":82,"column":2},"end":{"line":82,"column":20}},"38":{"start":{"line":83,"column":2},"end":{"line":83,"column":20}},"39":{"start":{"line":84,"column":2},"end":{"line":84,"column":20}},"40":{"start":{"line":85,"column":2},"end":{"line":85,"column":17}},"41":{"start":{"line":86,"column":2},"end":{"line":86,"column":17}},"42":{"start":{"line":87,"column":2},"end":{"line":87,"column":17}},"43":{"start":{"line":88,"column":2},"end":{"line":88,"column":19}},"44":{"start":{"line":94,"column":4},"end":{"line":94,"column":17}},"45":{"start":{"line":95,"column":4},"end":{"line":95,"column":19}},"46":{"start":{"line":96,"column":4},"end":{"line":96,"column":18}},"47":{"start":{"line":97,"column":4},"end":{"line":97,"column":42}},"48":{"start":{"line":102,"column":4},"end":{"line":102,"column":42}},"49":{"start":{"line":107,"column":4},"end":{"line":107,"column":42}},"50":{"start":{"line":112,"column":4},"end":{"line":112,"column":50}},"51":{"start":{"line":117,"column":4},"end":{"line":117,"column":50}},"52":{"start":{"line":122,"column":4},"end":{"line":122,"column":18}},"53":{"start":{"line":127,"column":4},"end":{"line":127,"column":68}},"54":{"start":{"line":132,"column":13},"end":{"line":132,"column":47}},"55":{"start":{"line":133,"column":13},"end":{"line":133,"column":47}},"56":{"start":{"line":134,"column":4},"end":{"line":134,"column":16}},"57":{"start":{"line":135,"column":4},"end":{"line":135,"column":22}},"58":{"start":{"line":136,"column":4},"end":{"line":136,"column":19}},"59":{"start":{"line":137,"column":4},"end":{"line":137,"column":16}},"60":{"start":{"line":138,"column":4},"end":{"line":138,"column":22}},"61":{"start":{"line":139,"column":4},"end":{"line":139,"column":19}},"62":{"start":{"line":141,"column":4},"end":{"line":141,"column":20}},"63":{"start":{"line":145,"column":13},"end":{"line":145,"column":47}},"64":{"start":{"line":146,"column":13},"end":{"line":146,"column":47}},"65":{"start":{"line":147,"column":13},"end":{"line":147,"column":47}},"66":{"start":{"line":149,"column":4},"end":{"line":149,"column":15}},"67":{"start":{"line":150,"column":4},"end":{"line":150,"column":22}},"68":{"start":{"line":151,"column":4},"end":{"line":151,"column":19}},"69":{"start":{"line":152,"column":4},"end":{"line":152,"column":16}},"70":{"start":{"line":153,"column":4},"end":{"line":153,"column":22}},"71":{"start":{"line":154,"column":4},"end":{"line":154,"column":19}},"72":{"start":{"line":155,"column":4},"end":{"line":155,"column":16}},"73":{"start":{"line":156,"column":4},"end":{"line":156,"column":22}},"74":{"start":{"line":157,"column":4},"end":{"line":157,"column":19}},"75":{"start":{"line":159,"column":4},"end":{"line":159,"column":24}},"76":{"start":{"line":164,"column":13},"end":{"line":164,"column":47}},"77":{"start":{"line":165,"column":13},"end":{"line":165,"column":47}},"78":{"start":{"line":167,"column":4},"end":{"line":167,"column":15}},"79":{"start":{"line":168,"column":4},"end":{"line":168,"column":22}},"80":{"start":{"line":169,"column":4},"end":{"line":169,"column":19}},"81":{"start":{"line":170,"column":4},"end":{"line":170,"column":15}},"82":{"start":{"line":171,"column":4},"end":{"line":171,"column":22}},"83":{"start":{"line":172,"column":4},"end":{"line":172,"column":19}},"84":{"start":{"line":174,"column":4},"end":{"line":174,"column":20}},"85":{"start":{"line":179,"column":14},"end":{"line":179,"column":21}},"86":{"start":{"line":180,"column":14},"end":{"line":180,"column":21}},"87":{"start":{"line":181,"column":14},"end":{"line":181,"column":21}},"88":{"start":{"line":183,"column":14},"end":{"line":183,"column":37}},"89":{"start":{"line":184,"column":14},"end":{"line":184,"column":37}},"90":{"start":{"line":185,"column":15},"end":{"line":185,"column":24}},"91":{"start":{"line":187,"column":12},"end":{"line":187,"column":14}},"92":{"start":{"line":188,"column":12},"end":{"line":188,"column":14}},"93":{"start":{"line":189,"column":12},"end":{"line":189,"column":21}},"94":{"start":{"line":191,"column":4},"end":{"line":194,"column":69}},"95":{"start":{"line":191,"column":19},"end":{"line":191,"column":25}},"96":{"start":{"line":192,"column":9},"end":{"line":194,"column":69}},"97":{"start":{"line":192,"column":25},"end":{"line":192,"column":69}},"98":{"start":{"line":193,"column":9},"end":{"line":194,"column":69}},"99":{"start":{"line":193,"column":25},"end":{"line":193,"column":69}},"100":{"start":{"line":194,"column":9},"end":{"line":194,"column":69}},"101":{"start":{"line":194,"column":25},"end":{"line":194,"column":69}},"102":{"start":{"line":196,"column":4},"end":{"line":197,"column":32}},"103":{"start":{"line":196,"column":18},"end":{"line":196,"column":24}},"104":{"start":{"line":197,"column":9},"end":{"line":197,"column":32}},"105":{"start":{"line":199,"column":4},"end":{"line":199,"column":15}},"106":{"start":{"line":200,"column":4},"end":{"line":200,"column":15}},"107":{"start":{"line":201,"column":4},"end":{"line":201,"column":15}},"108":{"start":{"line":207,"column":4},"end":{"line":207,"column":13}},"109":{"start":{"line":208,"column":4},"end":{"line":208,"column":13}},"110":{"start":{"line":210,"column":12},"end":{"line":210,"column":17}},"111":{"start":{"line":211,"column":14},"end":{"line":211,"column":20}},"112":{"start":{"line":212,"column":12},"end":{"line":212,"column":45}},"113":{"start":{"line":216,"column":4},"end":{"line":220,"column":5}},"114":{"start":{"line":217,"column":6},"end":{"line":217,"column":12}},"115":{"start":{"line":218,"column":6},"end":{"line":218,"column":12}},"116":{"start":{"line":219,"column":6},"end":{"line":219,"column":12}},"117":{"start":{"line":221,"column":4},"end":{"line":225,"column":5}},"118":{"start":{"line":222,"column":6},"end":{"line":222,"column":12}},"119":{"start":{"line":223,"column":6},"end":{"line":223,"column":12}},"120":{"start":{"line":224,"column":6},"end":{"line":224,"column":12}},"121":{"start":{"line":226,"column":4},"end":{"line":230,"column":5}},"122":{"start":{"line":227,"column":6},"end":{"line":227,"column":12}},"123":{"start":{"line":228,"column":6},"end":{"line":228,"column":12}},"124":{"start":{"line":229,"column":6},"end":{"line":229,"column":12}},"125":{"start":{"line":231,"column":4},"end":{"line":235,"column":5}},"126":{"start":{"line":232,"column":6},"end":{"line":232,"column":12}},"127":{"start":{"line":233,"column":6},"end":{"line":233,"column":12}},"128":{"start":{"line":234,"column":6},"end":{"line":234,"column":12}},"129":{"start":{"line":236,"column":4},"end":{"line":240,"column":5}},"130":{"start":{"line":237,"column":6},"end":{"line":237,"column":12}},"131":{"start":{"line":238,"column":6},"end":{"line":238,"column":12}},"132":{"start":{"line":239,"column":6},"end":{"line":239,"column":12}},"133":{"start":{"line":241,"column":4},"end":{"line":245,"column":5}},"134":{"start":{"line":242,"column":6},"end":{"line":242,"column":12}},"135":{"start":{"line":243,"column":6},"end":{"line":243,"column":12}},"136":{"start":{"line":244,"column":6},"end":{"line":244,"column":12}},"137":{"start":{"line":247,"column":12},"end":{"line":247,"column":17}},"138":{"start":{"line":248,"column":4},"end":{"line":248,"column":22}},"139":{"start":{"line":249,"column":4},"end":{"line":249,"column":22}},"140":{"start":{"line":250,"column":4},"end":{"line":250,"column":22}},"141":{"start":{"line":252,"column":4},"end":{"line":252,"column":15}},"142":{"start":{"line":253,"column":4},"end":{"line":253,"column":15}},"143":{"start":{"line":254,"column":4},"end":{"line":254,"column":15}},"144":{"start":{"line":260,"column":20},"end":{"line":266,"column":1}},"145":{"start":{"line":268,"column":13},"end":{"line":274,"column":1}},"146":{"start":{"line":269,"column":2},"end":{"line":273,"column":5}},"147":{"start":{"line":277,"column":12},"end":{"line":318,"column":1}},"148":{"start":{"line":278,"column":38},"end":{"line":278,"column":52}},"149":{"start":{"line":279,"column":21},"end":{"line":306,"column":3}},"150":{"start":{"line":280,"column":14},"end":{"line":280,"column":71}},"151":{"start":{"line":281,"column":4},"end":{"line":281,"column":27}},"152":{"start":{"line":282,"column":4},"end":{"line":282,"column":27}},"153":{"start":{"line":283,"column":19},"end":{"line":283,"column":35}},"154":{"start":{"line":284,"column":4},"end":{"line":284,"column":26}},"155":{"start":{"line":285,"column":4},"end":{"line":285,"column":26}},"156":{"start":{"line":286,"column":20},"end":{"line":286,"column":29}},"157":{"start":{"line":287,"column":18},"end":{"line":287,"column":25}},"158":{"start":{"line":288,"column":22},"end":{"line":288,"column":46}},"159":{"start":{"line":290,"column":4},"end":{"line":305,"column":6}},"160":{"start":{"line":294,"column":25},"end":{"line":294,"column":47}},"161":{"start":{"line":300,"column":25},"end":{"line":300,"column":47}},"162":{"start":{"line":308,"column":2},"end":{"line":317,"column":4}},"163":{"start":{"line":313,"column":32},"end":{"line":313,"column":39}},"164":{"start":{"line":320,"column":15},"end":{"line":335,"column":2}}},"fnMap":{"0":{"name":"SGCFromRGB","decl":{"start":{"line":23,"column":16},"end":{"line":23,"column":26}},"loc":{"start":{"line":23,"column":36},"end":{"line":25,"column":1}},"line":23},"1":{"name":"SGCFromHSV","decl":{"start":{"line":29,"column":16},"end":{"line":29,"column":26}},"loc":{"start":{"line":29,"column":36},"end":{"line":35,"column":1}},"line":29},"2":{"name":"HSVTORGB","decl":{"start":{"line":38,"column":16},"end":{"line":38,"column":24}},"loc":{"start":{"line":38,"column":34},"end":{"line":89,"column":1}},"line":38},"3":{"name":"(anonymous_3)","decl":{"start":{"line":93,"column":2},"end":{"line":93,"column":3}},"loc":{"start":{"line":93,"column":32},"end":{"line":98,"column":3}},"line":93},"4":{"name":"(anonymous_4)","decl":{"start":{"line":101,"column":2},"end":{"line":101,"column":3}},"loc":{"start":{"line":101,"column":14},"end":{"line":103,"column":3}},"line":101},"5":{"name":"(anonymous_5)","decl":{"start":{"line":106,"column":2},"end":{"line":106,"column":3}},"loc":{"start":{"line":106,"column":14},"end":{"line":108,"column":3}},"line":106},"6":{"name":"(anonymous_6)","decl":{"start":{"line":111,"column":2},"end":{"line":111,"column":3}},"loc":{"start":{"line":111,"column":8},"end":{"line":113,"column":3}},"line":111},"7":{"name":"(anonymous_7)","decl":{"start":{"line":116,"column":2},"end":{"line":116,"column":3}},"loc":{"start":{"line":116,"column":8},"end":{"line":118,"column":3}},"line":116},"8":{"name":"(anonymous_8)","decl":{"start":{"line":121,"column":2},"end":{"line":121,"column":3}},"loc":{"start":{"line":121,"column":9},"end":{"line":123,"column":3}},"line":121},"9":{"name":"(anonymous_9)","decl":{"start":{"line":126,"column":2},"end":{"line":126,"column":3}},"loc":{"start":{"line":126,"column":23},"end":{"line":128,"column":3}},"line":126},"10":{"name":"(anonymous_10)","decl":{"start":{"line":131,"column":2},"end":{"line":131,"column":3}},"loc":{"start":{"line":131,"column":16},"end":{"line":142,"column":3}},"line":131},"11":{"name":"(anonymous_11)","decl":{"start":{"line":144,"column":2},"end":{"line":144,"column":3}},"loc":{"start":{"line":144,"column":17},"end":{"line":160,"column":3}},"line":144},"12":{"name":"(anonymous_12)","decl":{"start":{"line":163,"column":2},"end":{"line":163,"column":3}},"loc":{"start":{"line":163,"column":15},"end":{"line":175,"column":3}},"line":163},"13":{"name":"(anonymous_13)","decl":{"start":{"line":178,"column":2},"end":{"line":178,"column":3}},"loc":{"start":{"line":178,"column":20},"end":{"line":203,"column":3}},"line":178},"14":{"name":"(anonymous_14)","decl":{"start":{"line":206,"column":2},"end":{"line":206,"column":3}},"loc":{"start":{"line":206,"column":20},"end":{"line":256,"column":3}},"line":206},"15":{"name":"(anonymous_15)","decl":{"start":{"line":268,"column":13},"end":{"line":268,"column":14}},"loc":{"start":{"line":269,"column":2},"end":{"line":273,"column":5}},"line":269},"16":{"name":"(anonymous_16)","decl":{"start":{"line":277,"column":12},"end":{"line":277,"column":13}},"loc":{"start":{"line":277,"column":18},"end":{"line":318,"column":1}},"line":277},"17":{"name":"(anonymous_17)","decl":{"start":{"line":279,"column":21},"end":{"line":279,"column":22}},"loc":{"start":{"line":279,"column":35},"end":{"line":306,"column":3}},"line":279},"18":{"name":"(anonymous_18)","decl":{"start":{"line":294,"column":19},"end":{"line":294,"column":20}},"loc":{"start":{"line":294,"column":25},"end":{"line":294,"column":47}},"line":294},"19":{"name":"(anonymous_19)","decl":{"start":{"line":300,"column":19},"end":{"line":300,"column":20}},"loc":{"start":{"line":300,"column":25},"end":{"line":300,"column":47}},"line":300},"20":{"name":"(anonymous_20)","decl":{"start":{"line":313,"column":22},"end":{"line":313,"column":23}},"loc":{"start":{"line":313,"column":32},"end":{"line":313,"column":39}},"line":313}},"branchMap":{"0":{"loc":{"start":{"line":50,"column":2},"end":{"line":54,"column":3}},"type":"if","locations":[{"start":{"line":50,"column":2},"end":{"line":54,"column":3}},{"start":{},"end":{}}],"line":50},"1":{"loc":{"start":{"line":50,"column":6},"end":{"line":50,"column":25}},"type":"binary-expr","locations":[{"start":{"line":50,"column":6},"end":{"line":50,"column":14}},{"start":{"line":50,"column":18},"end":{"line":50,"column":25}}],"line":50},"2":{"loc":{"start":{"line":55,"column":2},"end":{"line":59,"column":3}},"type":"if","locations":[{"start":{"line":55,"column":2},"end":{"line":59,"column":3}},{"start":{},"end":{}}],"line":55},"3":{"loc":{"start":{"line":55,"column":6},"end":{"line":55,"column":25}},"type":"binary-expr","locations":[{"start":{"line":55,"column":6},"end":{"line":55,"column":14}},{"start":{"line":55,"column":18},"end":{"line":55,"column":25}}],"line":55},"4":{"loc":{"start":{"line":60,"column":2},"end":{"line":64,"column":3}},"type":"if","locations":[{"start":{"line":60,"column":2},"end":{"line":64,"column":3}},{"start":{},"end":{}}],"line":60},"5":{"loc":{"start":{"line":60,"column":6},"end":{"line":60,"column":25}},"type":"binary-expr","locations":[{"start":{"line":60,"column":6},"end":{"line":60,"column":14}},{"start":{"line":60,"column":18},"end":{"line":60,"column":25}}],"line":60},"6":{"loc":{"start":{"line":65,"column":2},"end":{"line":69,"column":3}},"type":"if","locations":[{"start":{"line":65,"column":2},"end":{"line":69,"column":3}},{"start":{},"end":{}}],"line":65},"7":{"loc":{"start":{"line":65,"column":6},"end":{"line":65,"column":25}},"type":"binary-expr","locations":[{"start":{"line":65,"column":6},"end":{"line":65,"column":14}},{"start":{"line":65,"column":18},"end":{"line":65,"column":25}}],"line":65},"8":{"loc":{"start":{"line":70,"column":2},"end":{"line":74,"column":3}},"type":"if","locations":[{"start":{"line":70,"column":2},"end":{"line":74,"column":3}},{"start":{},"end":{}}],"line":70},"9":{"loc":{"start":{"line":70,"column":6},"end":{"line":70,"column":25}},"type":"binary-expr","locations":[{"start":{"line":70,"column":6},"end":{"line":70,"column":14}},{"start":{"line":70,"column":18},"end":{"line":70,"column":25}}],"line":70},"10":{"loc":{"start":{"line":75,"column":2},"end":{"line":79,"column":3}},"type":"if","locations":[{"start":{"line":75,"column":2},"end":{"line":79,"column":3}},{"start":{},"end":{}}],"line":75},"11":{"loc":{"start":{"line":75,"column":6},"end":{"line":75,"column":25}},"type":"binary-expr","locations":[{"start":{"line":75,"column":6},"end":{"line":75,"column":14}},{"start":{"line":75,"column":18},"end":{"line":75,"column":25}}],"line":75},"12":{"loc":{"start":{"line":191,"column":4},"end":{"line":194,"column":69}},"type":"if","locations":[{"start":{"line":191,"column":4},"end":{"line":194,"column":69}},{"start":{"line":192,"column":9},"end":{"line":194,"column":69}}],"line":191},"13":{"loc":{"start":{"line":192,"column":9},"end":{"line":194,"column":69}},"type":"if","locations":[{"start":{"line":192,"column":9},"end":{"line":194,"column":69}},{"start":{"line":193,"column":9},"end":{"line":194,"column":69}}],"line":192},"14":{"loc":{"start":{"line":193,"column":9},"end":{"line":194,"column":69}},"type":"if","locations":[{"start":{"line":193,"column":9},"end":{"line":194,"column":69}},{"start":{"line":194,"column":9},"end":{"line":194,"column":69}}],"line":193},"15":{"loc":{"start":{"line":194,"column":9},"end":{"line":194,"column":69}},"type":"if","locations":[{"start":{"line":194,"column":9},"end":{"line":194,"column":69}},{"start":{},"end":{}}],"line":194},"16":{"loc":{"start":{"line":196,"column":4},"end":{"line":197,"column":32}},"type":"if","locations":[{"start":{"line":196,"column":4},"end":{"line":197,"column":32}},{"start":{"line":197,"column":9},"end":{"line":197,"column":32}}],"line":196},"17":{"loc":{"start":{"line":216,"column":4},"end":{"line":220,"column":5}},"type":"if","locations":[{"start":{"line":216,"column":4},"end":{"line":220,"column":5}},{"start":{},"end":{}}],"line":216},"18":{"loc":{"start":{"line":216,"column":8},"end":{"line":216,"column":27}},"type":"binary-expr","locations":[{"start":{"line":216,"column":8},"end":{"line":216,"column":16}},{"start":{"line":216,"column":20},"end":{"line":216,"column":27}}],"line":216},"19":{"loc":{"start":{"line":221,"column":4},"end":{"line":225,"column":5}},"type":"if","locations":[{"start":{"line":221,"column":4},"end":{"line":225,"column":5}},{"start":{},"end":{}}],"line":221},"20":{"loc":{"start":{"line":221,"column":8},"end":{"line":221,"column":27}},"type":"binary-expr","locations":[{"start":{"line":221,"column":8},"end":{"line":221,"column":16}},{"start":{"line":221,"column":20},"end":{"line":221,"column":27}}],"line":221},"21":{"loc":{"start":{"line":226,"column":4},"end":{"line":230,"column":5}},"type":"if","locations":[{"start":{"line":226,"column":4},"end":{"line":230,"column":5}},{"start":{},"end":{}}],"line":226},"22":{"loc":{"start":{"line":226,"column":8},"end":{"line":226,"column":27}},"type":"binary-expr","locations":[{"start":{"line":226,"column":8},"end":{"line":226,"column":16}},{"start":{"line":226,"column":20},"end":{"line":226,"column":27}}],"line":226},"23":{"loc":{"start":{"line":231,"column":4},"end":{"line":235,"column":5}},"type":"if","locations":[{"start":{"line":231,"column":4},"end":{"line":235,"column":5}},{"start":{},"end":{}}],"line":231},"24":{"loc":{"start":{"line":231,"column":8},"end":{"line":231,"column":27}},"type":"binary-expr","locations":[{"start":{"line":231,"column":8},"end":{"line":231,"column":16}},{"start":{"line":231,"column":20},"end":{"line":231,"column":27}}],"line":231},"25":{"loc":{"start":{"line":236,"column":4},"end":{"line":240,"column":5}},"type":"if","locations":[{"start":{"line":236,"column":4},"end":{"line":240,"column":5}},{"start":{},"end":{}}],"line":236},"26":{"loc":{"start":{"line":236,"column":8},"end":{"line":236,"column":27}},"type":"binary-expr","locations":[{"start":{"line":236,"column":8},"end":{"line":236,"column":16}},{"start":{"line":236,"column":20},"end":{"line":236,"column":27}}],"line":236},"27":{"loc":{"start":{"line":241,"column":4},"end":{"line":245,"column":5}},"type":"if","locations":[{"start":{"line":241,"column":4},"end":{"line":245,"column":5}},{"start":{},"end":{}}],"line":241},"28":{"loc":{"start":{"line":241,"column":8},"end":{"line":241,"column":27}},"type":"binary-expr","locations":[{"start":{"line":241,"column":8},"end":{"line":241,"column":16}},{"start":{"line":241,"column":20},"end":{"line":241,"column":27}}],"line":241},"29":{"loc":{"start":{"line":323,"column":15},"end":{"line":323,"column":43}},"type":"binary-expr","locations":[{"start":{"line":323,"column":15},"end":{"line":323,"column":38}},{"start":{"line":323,"column":42},"end":{"line":323,"column":43}}],"line":323}},"s":{"0":0,"1":0,"2":0,"3":0,"4":0,"5":0,"6":0,"7":0,"8":0,"9":0,"10":0,"11":0,"12":0,"13":0,"14":0,"15":0,"16":0,"17":0,"18":0,"19":0,"20":0,"21":0,"22":0,"23":0,"24":0,"25":0,"26":0,"27":0,"28":0,"29":0,"30":0,"31":0,"32":0,"33":0,"34":0,"35":0,"36":0,"37":0,"38":0,"39":0,"40":0,"41":0,"42":0,"43":0,"44":0,"45":0,"46":0,"47":0,"48":0,"49":0,"50":0,"51":0,"52":0,"53":0,"54":0,"55":0,"56":0,"57":0,"58":0,"59":0,"60":0,"61":0,"62":0,"63":0,"64":0,"65":0,"66":0,"67":0,"68":0,"69":0,"70":0,"71":0,"72":0,"73":0,"74":0,"75":0,"76":0,"77":0,"78":0,"79":0,"80":0,"81":0,"82":0,"83":0,"84":0,"85":0,"86":0,"87":0,"88":0,"89":0,"90":0,"91":0,"92":0,"93":0,"94":0,"95":0,"96":0,"97":0,"98":0,"99":0,"100":0,"101":0,"102":0,"103":0,"104":0,"105":0,"106":0,"107":0,"108":0,"109":0,"110":0,"111":0,"112":0,"113":0,"114":0,"115":0,"116":0,"117":0,"118":0,"119":0,"120":0,"121":0,"122":0,"123":0,"124":0,"125":0,"126":0,"127":0,"128":0,"129":0,"130":0,"131":0,"132":0,"133":0,"134":0,"135":0,"136":0,"137":0,"138":0,"139":0,"140":0,"141":0,"142":0,"143":0,"144":1,"145":1,"146":0,"147":1,"148":0,"149":0,"150":0,"151":0,"152":0,"153":0,"154":0,"155":0,"156":0,"157":0,"158":0,"159":0,"160":0,"161":0,"162":0,"163":0,"164":1},"f":{"0":0,"1":0,"2":0,"3":0,"4":0,"5":0,"6":0,"7":0,"8":0,"9":0,"10":0,"11":0,"12":0,"13":0,"14":0,"15":0,"16":0,"17":0,"18":0,"19":0,"20":0},"b":{"0":[0,0],"1":[0,0],"2":[0,0],"3":[0,0],"4":[0,0],"5":[0,0],"6":[0,0],"7":[0,0],"8":[0,0],"9":[0,0],"10":[0,0],"11":[0,0],"12":[0,0],"13":[0,0],"14":[0,0],"15":[0,0],"16":[0,0],"17":[0,0],"18":[0,0],"19":[0,0],"20":[0,0],"21":[0,0],"22":[0,0],"23":[0,0],"24":[0,0],"25":[0,0],"26":[0,0],"27":[0,0],"28":[0,0],"29":[1,1]},"_coverageSchema":"1a1c01bbd47fc00a2c39e90264f33305004495a9","hash":"6e9a5e7e8e105fcfe4b2a9ef1d31ee988bb7b3dd"}
}
